# JRE version: Java(TM) SE Runtime Environment (8.0_60-b27) (build 1.8.0_60-b27)
# Java VM: Java HotSpot(TM) 64-Bit Server VM (25.60-b23 mixed mode windows-amd64 compressed oops)
Heap:
 PSYoungGen      total 469504K, used 197706K [0x00000000d5580000, 0x00000000fd280000, 0x0000000100000000)
  eden space 410112K, 48% used [0x00000000d5580000,0x00000000e1692bc8,0x00000000ee600000)
  from space 59392K, 0% used [0x00000000ee600000,0x00000000ee600000,0x00000000f2000000)
  to   space 59904K, 0% used [0x00000000f9800000,0x00000000f9800000,0x00000000fd280000)
 ParOldGen       total 213504K, used 46494K [0x0000000080000000, 0x000000008d080000, 0x00000000d5580000)
  object space 213504K, 21% used [0x0000000080000000,0x0000000082d67940,0x000000008d080000)
 Metaspace       used 60713K, capacity 62094K, committed 62168K, reserved 1103872K
  class space    used 7842K, capacity 8174K, committed 8192K, reserved 1048576K
GC Heap History (10 events):
Event: 44.336 GC heap before
{Heap before GC invocations=22 (full 3):
 PSYoungGen      total 354816K, used 345343K [0x00000000d5580000, 0x00000000ee380000, 0x0000000100000000)
  eden space 313344K, 100% used [0x00000000d5580000,0x00000000e8780000,0x00000000e8780000)
  from space 41472K, 77% used [0x00000000eb300000,0x00000000ed23fd20,0x00000000edb80000)
  to   space 44544K, 0% used [0x00000000e8780000,0x00000000e8780000,0x00000000eb300000)
 ParOldGen       total 167936K, used 94053K [0x0000000080000000, 0x000000008a400000, 0x00000000d5580000)
  object space 167936K, 56% used [0x0000000080000000,0x0000000085bd9650,0x000000008a400000)
 Metaspace       used 58297K, capacity 59548K, committed 59608K, reserved 1101824K
  class space    used 7600K, capacity 7927K, committed 7936K, reserved 1048576K
Event: 44.496 GC heap after
Heap after GC invocations=22 (full 3):
 PSYoungGen      total 357888K, used 44528K [0x00000000d5580000, 0x00000000f6380000, 0x0000000100000000)
  eden space 313344K, 0% used [0x00000000d5580000,0x00000000d5580000,0x00000000e8780000)
  from space 44544K, 99% used [0x00000000e8780000,0x00000000eb2fc360,0x00000000eb300000)
  to   space 62464K, 0% used [0x00000000f2680000,0x00000000f2680000,0x00000000f6380000)
 ParOldGen       total 167936K, used 124103K [0x0000000080000000, 0x000000008a400000, 0x00000000d5580000)
  object space 167936K, 73% used [0x0000000080000000,0x0000000087931ed0,0x000000008a400000)
 Metaspace       used 58297K, capacity 59548K, committed 59608K, reserved 1101824K
  class space    used 7600K, capacity 7927K, committed 7936K, reserved 1048576K
}
Event: 46.477 GC heap before
{Heap before GC invocations=23 (full 3):
 PSYoungGen      total 357888K, used 357872K [0x00000000d5580000, 0x00000000f6380000, 0x0000000100000000)
  eden space 313344K, 100% used [0x00000000d5580000,0x00000000e8780000,0x00000000e8780000)
  from space 44544K, 99% used [0x00000000e8780000,0x00000000eb2fc360,0x00000000eb300000)
  to   space 62464K, 0% used [0x00000000f2680000,0x00000000f2680000,0x00000000f6380000)
 ParOldGen       total 167936K, used 124103K [0x0000000080000000, 0x000000008a400000, 0x00000000d5580000)
  object space 167936K, 73% used [0x0000000080000000,0x0000000087931ed0,0x000000008a400000)
 Metaspace       used 58423K, capacity 59708K, committed 59992K, reserved 1101824K
  class space    used 7609K, capacity 7959K, committed 8064K, reserved 1048576K
Event: 46.545 GC heap after
Heap after GC invocations=23 (full 3):
 PSYoungGen      total 462848K, used 20418K [0x00000000d5580000, 0x00000000f5a00000, 0x0000000100000000)
  eden space 410112K, 0% used [0x00000000d5580000,0x00000000d5580000,0x00000000ee600000)
  from space 52736K, 38% used [0x00000000f2680000,0x00000000f3a709b0,0x00000000f5a00000)
  to   space 59392K, 0% used [0x00000000ee600000,0x00000000ee600000,0x00000000f2000000)
 ParOldGen       total 167936K, used 142968K [0x0000000080000000, 0x000000008a400000, 0x00000000d5580000)
  object space 167936K, 85% used [0x0000000080000000,0x0000000088b9e380,0x000000008a400000)
 Metaspace       used 58423K, capacity 59708K, committed 59992K, reserved 1101824K
  class space    used 7609K, capacity 7959K, committed 8064K, reserved 1048576K
}
Event: 46.545 GC heap before
{Heap before GC invocations=24 (full 4):
 PSYoungGen      total 462848K, used 20418K [0x00000000d5580000, 0x00000000f5a00000, 0x0000000100000000)
  eden space 410112K, 0% used [0x00000000d5580000,0x00000000d5580000,0x00000000ee600000)
  from space 52736K, 38% used [0x00000000f2680000,0x00000000f3a709b0,0x00000000f5a00000)
  to   space 59392K, 0% used [0x00000000ee600000,0x00000000ee600000,0x00000000f2000000)
 ParOldGen       total 167936K, used 142968K [0x0000000080000000, 0x000000008a400000, 0x00000000d5580000)
  object space 167936K, 85% used [0x0000000080000000,0x0000000088b9e380,0x000000008a400000)
 Metaspace       used 58423K, capacity 59708K, committed 59992K, reserved 1101824K
  class space    used 7609K, capacity 7959K, committed 8064K, reserved 1048576K
Event: 46.796 GC heap after
Heap after GC invocations=24 (full 4):
 PSYoungGen      total 462848K, used 0K [0x00000000d5580000, 0x00000000f5a00000, 0x0000000100000000)
  eden space 410112K, 0% used [0x00000000d5580000,0x00000000d5580000,0x00000000ee600000)
  from space 52736K, 0% used [0x00000000f2680000,0x00000000f2680000,0x00000000f5a00000)
  to   space 59392K, 0% used [0x00000000ee600000,0x00000000ee600000,0x00000000f2000000)
 ParOldGen       total 213504K, used 75052K [0x0000000080000000, 0x000000008d080000, 0x00000000d5580000)
  object space 213504K, 35% used [0x0000000080000000,0x000000008494b0c0,0x000000008d080000)
 Metaspace       used 58423K, capacity 59708K, committed 59992K, reserved 1101824K
  class space    used 7609K, capacity 7959K, committed 8064K, reserved 1048576K
}
Event: 49.197 GC heap before
{Heap before GC invocations=25 (full 4):
 PSYoungGen      total 462848K, used 53022K [0x00000000d5580000, 0x00000000f5a00000, 0x0000000100000000)
  eden space 410112K, 12% used [0x00000000d5580000,0x00000000d8947bb0,0x00000000ee600000)
  from space 52736K, 0% used [0x00000000f2680000,0x00000000f2680000,0x00000000f5a00000)
  to   space 59392K, 0% used [0x00000000ee600000,0x00000000ee600000,0x00000000f2000000)
 ParOldGen       total 213504K, used 75052K [0x0000000080000000, 0x000000008d080000, 0x00000000d5580000)
  object space 213504K, 35% used [0x0000000080000000,0x000000008494b0c0,0x000000008d080000)
 Metaspace       used 59948K, capacity 61236K, committed 61400K, reserved 1101824K
  class space    used 7809K, capacity 8123K, committed 8192K, reserved 1048576K
Event: 49.202 GC heap after
Heap after GC invocations=25 (full 4):
 PSYoungGen      total 469504K, used 2053K [0x00000000d5580000, 0x00000000fd280000, 0x0000000100000000)
  eden space 410112K, 0% used [0x00000000d5580000,0x00000000d5580000,0x00000000ee600000)
  from space 59392K, 3% used [0x00000000ee600000,0x00000000ee801478,0x00000000f2000000)
  to   space 59904K, 0% used [0x00000000f9800000,0x00000000f9800000,0x00000000fd280000)
 ParOldGen       total 213504K, used 75060K [0x0000000080000000, 0x000000008d080000, 0x00000000d5580000)
  object space 213504K, 35% used [0x0000000080000000,0x000000008494d0c0,0x000000008d080000)
 Metaspace       used 59948K, capacity 61236K, committed 61400K, reserved 1101824K
  class space    used 7809K, capacity 8123K, committed 8192K, reserved 1048576K
}
Event: 49.202 GC heap before
{Heap before GC invocations=26 (full 5):
 PSYoungGen      total 469504K, used 2053K [0x00000000d5580000, 0x00000000fd280000, 0x0000000100000000)
  eden space 410112K, 0% used [0x00000000d5580000,0x00000000d5580000,0x00000000ee600000)
  from space 59392K, 3% used [0x00000000ee600000,0x00000000ee801478,0x00000000f2000000)
  to   space 59904K, 0% used [0x00000000f9800000,0x00000000f9800000,0x00000000fd280000)
 ParOldGen       total 213504K, used 75060K [0x0000000080000000, 0x000000008d080000, 0x00000000d5580000)
  object space 213504K, 35% used [0x0000000080000000,0x000000008494d0c0,0x000000008d080000)
 Metaspace       used 59948K, capacity 61236K, committed 61400K, reserved 1101824K
  class space    used 7809K, capacity 8123K, committed 8192K, reserved 1048576K
Event: 49.508 GC heap after
Heap after GC invocations=26 (full 5):
 PSYoungGen      total 469504K, used 0K [0x00000000d5580000, 0x00000000fd280000, 0x0000000100000000)
  eden space 410112K, 0% used [0x00000000d5580000,0x00000000d5580000,0x00000000ee600000)
  from space 59392K, 0% used [0x00000000ee600000,0x00000000ee600000,0x00000000f2000000)
  to   space 59904K, 0% used [0x00000000f9800000,0x00000000f9800000,0x00000000fd280000)
 ParOldGen       total 213504K, used 46494K [0x0000000080000000, 0x000000008d080000, 0x00000000d5580000)
  object space 213504K, 21% used [0x0000000080000000,0x0000000082d67940,0x000000008d080000)
 Metaspace       used 59948K, capacity 61236K, committed 61400K, reserved 1101824K
  class space    used 7809K, capacity 8123K, committed 8192K, reserved 1048576K
}

